<?xml version="1.0" encoding="UTF-8" ?>
<testsuite tests="1" failures="0" name="firstpackage.NewTest" time="17.721" errors="0" skipped="0">
  <properties>
    <property name="java.vendor" value="Oracle Corporation"/>
    <property name="JOB_NAME" value="smokePack"/>
    <property name="CHROME_CRASHPAD_PIPE_NAME" value="\\.\pipe\crashpad_3636_GFDJAFOPIQGYUCZX"/>
    <property name="sun.java.launcher" value="SUN_STANDARD"/>
    <property name="NUMBER_OF_PROCESSORS" value="4"/>
    <property name="sun.management.compiler" value="HotSpot 64-Bit Tiered Compilers"/>
    <property name="JENKINS_HOME" value="C:\Program Files (x86)\Jenkins"/>
    <property name="FPS_BROWSER_USER_PROFILE_STRING" value="Default"/>
    <property name="HUDSON_SERVER_COOKIE" value="76cbcca8c1c289fd"/>
    <property name="POM_ARTIFACTID" value="SachinLatestMavenProject"/>
    <property name="os.name" value="Windows 10"/>
    <property name="sun.boot.class.path" value="C:\Program Files\Java\jdk1.8.0_231\jre\lib\resources.jar;C:\Program Files\Java\jdk1.8.0_231\jre\lib\rt.jar;C:\Program Files\Java\jdk1.8.0_231\jre\lib\sunrsasign.jar;C:\Program Files\Java\jdk1.8.0_231\jre\lib\jsse.jar;C:\Program Files\Java\jdk1.8.0_231\jre\lib\jce.jar;C:\Program Files\Java\jdk1.8.0_231\jre\lib\charsets.jar;C:\Program Files\Java\jdk1.8.0_231\jre\lib\jfr.jar;C:\Program Files\Java\jdk1.8.0_231\jre\classes"/>
    <property name="EXECUTOR_NUMBER" value="0"/>
    <property name="sun.desktop" value="windows"/>
    <property name="PATHEXT" value=".COM;.EXE;.BAT;.CMD;.VBS;.VBE;.JS;.JSE;.WSF;.WSH;.MSC"/>
    <property name="java.vm.specification.vendor" value="Oracle Corporation"/>
    <property name="POM_DISPLAYNAME" value="SachinLatestMavenProject"/>
    <property name="NODE_LABELS" value="window_slave1"/>
    <property name="TEMP" value="C:\Users\Ethans\AppData\Local\Temp"/>
    <property name="java.runtime.version" value="1.8.0_231-b11"/>
    <property name="FPS_BROWSER_APP_PROFILE_STRING" value="Internet Explorer"/>
    <property name="user.name" value="Ethans"/>
    <property name="guice.disable.misplaced.annotation.check" value="true"/>
    <property name="CommonProgramW6432" value="C:\Program Files\Common Files"/>
    <property name="ProgramFiles" value="C:\Program Files"/>
    <property name="user.language" value="en"/>
    <property name="JOB_BASE_NAME" value="smokePack"/>
    <property name="RUN_CHANGES_DISPLAY_URL" value="http://localhost:8080/job/smokePack/3/display/redirect?page=changes"/>
    <property name="BUILD_DISPLAY_NAME" value="#3"/>
    <property name="OneDrive" value="C:\Users\Ethans\OneDrive"/>
    <property name="sun.boot.library.path" value="C:\Program Files\Java\jdk1.8.0_231\jre\bin"/>
    <property name="LOCALAPPDATA" value="C:\Users\Ethans\AppData\Local"/>
    <property name="java.version" value="1.8.0_231"/>
    <property name="PROCESSOR_LEVEL" value="6"/>
    <property name="user.timezone" value="Asia/Calcutta"/>
    <property name="USERNAME" value="Ethans"/>
    <property name="sun.arch.data.model" value="64"/>
    <property name="NODE_NAME" value="window_slave1"/>
    <property name="java.endorsed.dirs" value="C:\Program Files\Java\jdk1.8.0_231\jre\lib\endorsed"/>
    <property name="BUILD_ID" value="3"/>
    <property name="sun.cpu.isalist" value="amd64"/>
    <property name="sun.jnu.encoding" value="Cp1252"/>
    <property name="file.encoding.pkg" value="sun.io"/>
    <property name="file.separator" value="\"/>
    <property name="java.specification.name" value="Java Platform API Specification"/>
    <property name="HOMEDRIVE" value="C:"/>
    <property name="maven.conf" value="C:\Users\Ethans\Desktop\Sachin_Selenium_Jars\apache-maven-3.6.3\conf"/>
    <property name="java.class.version" value="52.0"/>
    <property name="=::" value="::\"/>
    <property name="org.slf4j.simpleLogger.defaultLogLevel" value="info"/>
    <property name="user.country" value="US"/>
    <property name="ALLUSERSPROFILE" value="C:\ProgramData"/>
    <property name="java.home" value="C:\Program Files\Java\jdk1.8.0_231\jre"/>
    <property name="java.vm.info" value="mixed mode"/>
    <property name="os.version" value="10.0"/>
    <property name="RUN_DISPLAY_URL" value="http://localhost:8080/job/smokePack/3/display/redirect"/>
    <property name="POM_VERSION" value="0.0.1-SNAPSHOT"/>
    <property name="TMP" value="C:\Users\Ethans\AppData\Local\Temp"/>
    <property name="path.separator" value=";"/>
    <property name="java.vm.version" value="25.231-b11"/>
    <property name="user.variant" value=""/>
    <property name="JOB_DISPLAY_URL" value="http://localhost:8080/job/smokePack/display/redirect"/>
    <property name="CommonProgramFiles(x86)" value="C:\Program Files (x86)\Common Files"/>
    <property name="USERDOMAIN_ROAMINGPROFILE" value="DESKTOP-271FL0L"/>
    <property name="java.awt.printerjob" value="sun.awt.windows.WPrinterJob"/>
    <property name="JAVA_HOME" value="C:\Program Files\Java\jdk1.8.0_231"/>
    <property name="sun.io.unicode.encoding" value="UnicodeLittle"/>
    <property name="CommonProgramFiles" value="C:\Program Files\Common Files"/>
    <property name="ComSpec" value="C:\Windows\system32\cmd.exe"/>
    <property name="HOMEPATH" value="\Users\Ethans"/>
    <property name="awt.toolkit" value="sun.awt.windows.WToolkit"/>
    <property name="POM_PACKAGING" value="jar"/>
    <property name="user.script" value=""/>
    <property name="COMPUTERNAME" value="DESKTOP-271FL0L"/>
    <property name="POM_GROUPID" value="SachinLatestMavenProject"/>
    <property name="user.home" value="C:\Users\Ethans"/>
    <property name="PUBLIC" value="C:\Users\Public"/>
    <property name="BUILD_TAG" value="jenkins-smokePack-3"/>
    <property name="JENKINS_SERVER_COOKIE" value="76cbcca8c1c289fd"/>
    <property name="HUDSON_URL" value="http://localhost:8080/"/>
    <property name="ProgramData" value="C:\ProgramData"/>
    <property name="java.specification.vendor" value="Oracle Corporation"/>
    <property name="USERPROFILE" value="C:\Users\Ethans"/>
    <property name="CLASSPATH" value=""/>
    <property name="java.vendor.url" value="http://java.oracle.com/"/>
    <property name="java.library.path" value="C:\Program Files\Java\jdk1.8.0_231\bin;C:\Windows\Sun\Java\bin;C:\Windows\system32;C:\Windows;C:\Users\Ethans\Desktop\Sachin_Selenium_Jars\apache-maven-3.6.3/bin;C:\Program Files\Java\jdk1.8.0_231/bin;C:\Program Files\Java\jdk1.8.0_231/bin;C:\Program Files (x86)\Google\Chrome\Application;C:\Program Files (x86)\Common Files\Oracle\Java\javapath;C:\Windows\system32;C:\Windows;C:\Windows\System32\Wbem;C:\Windows\System32\WindowsPowerShell\v1.0\;C:\Program Files\Amazon\AWSCLI\bin\;C:\Program Files\Git\cmd;C:\Program Files\PuTTY\;C:\Python38-32\Scripts\;C:\Python38-32\;C:\Program Files\Java\jdk-13.0.1\bin;&quot;C:\Program Files\Java\jre1.8.0_231\bin&quot;;."/>
    <property name="java.vm.vendor" value="Oracle Corporation"/>
    <property name="APPDATA" value="C:\Users\Ethans\AppData\Roaming"/>
    <property name="java.runtime.name" value="Java(TM) SE Runtime Environment"/>
    <property name="maven.home" value="C:\Users\Ethans\Desktop\Sachin_Selenium_Jars\apache-maven-3.6.3"/>
    <property name="java.class.path" value="C:\Users\Ethans\Desktop\Sachin_Selenium_Jars\JenkinsRemoteDirectory\maven35-agent.jar;C:\Users\Ethans\Desktop\Sachin_Selenium_Jars\apache-maven-3.6.3\boot\plexus-classworlds-2.6.0.jar;C:\Users\Ethans\Desktop\Sachin_Selenium_Jars\apache-maven-3.6.3/conf/logging"/>
    <property name="sun.java.command" value="jenkins.maven3.agent.Maven35Main C:\Users\Ethans\Desktop\Sachin_Selenium_Jars\apache-maven-3.6.3 C:\Users\Ethans\AppData\LocalLow\Sun\Java\Deployment\cache\6.0\2\32f78882-4376cc4c C:\Users\Ethans\Desktop\Sachin_Selenium_Jars\JenkinsRemoteDirectory\maven35-interceptor.jar C:\Users\Ethans\Desktop\Sachin_Selenium_Jars\JenkinsRemoteDirectory\maven3-interceptor-commons.jar 50280"/>
    <property name="Path" value="C:\Program Files\Java\jdk1.8.0_231/bin;C:\Program Files (x86)\Google\Chrome\Application;C:\Program Files (x86)\Common Files\Oracle\Java\javapath;C:\Windows\system32;C:\Windows;C:\Windows\System32\Wbem;C:\Windows\System32\WindowsPowerShell\v1.0\;C:\Program Files\Amazon\AWSCLI\bin\;C:\Program Files\Git\cmd;C:\Program Files\PuTTY\;C:\Python38-32\Scripts\;C:\Python38-32\;C:\Program Files\Java\jdk-13.0.1\bin;&quot;C:\Program Files\Java\jre1.8.0_231\bin&quot;"/>
    <property name="java.vm.specification.name" value="Java Virtual Machine Specification"/>
    <property name="PROCESSOR_ARCHITECTURE" value="AMD64"/>
    <property name="PATH+JDK" value="C:\Program Files\Java\jdk1.8.0_231/bin"/>
    <property name="PROCESSOR_IDENTIFIER" value="Intel64 Family 6 Model 58 Stepping 9, GenuineIntel"/>
    <property name="SESSIONNAME" value="Console"/>
    <property name="java.vm.specification.version" value="1.8"/>
    <property name="sun.os.patch.level" value=""/>
    <property name="sun.cpu.endian" value="little"/>
    <property name="M2_HOME" value="C:\Users\Ethans\Desktop\Sachin_Selenium_Jars\apache-maven-3.6.3"/>
    <property name="java.io.tmpdir" value="C:\Users\Ethans\AppData\Local\Temp\"/>
    <property name="OS" value="Windows_NT"/>
    <property name="HUDSON_HOME" value="C:\Program Files (x86)\Jenkins"/>
    <property name="PATH+MAVEN" value="C:\Users\Ethans\Desktop\Sachin_Selenium_Jars\apache-maven-3.6.3/bin"/>
    <property name="ProgramFiles(x86)" value="C:\Program Files (x86)"/>
    <property name="BUILD_URL" value="http://localhost:8080/job/smokePack/3/"/>
    <property name="java.vendor.url.bug" value="http://bugreport.sun.com/bugreport/"/>
    <property name="java.awt.graphicsenv" value="sun.awt.Win32GraphicsEnvironment"/>
    <property name="os.arch" value="amd64"/>
    <property name="SystemRoot" value="C:\Windows"/>
    <property name="java.ext.dirs" value="C:\Program Files\Java\jdk1.8.0_231\jre\lib\ext;C:\Windows\Sun\Java\lib\ext"/>
    <property name="user.dir" value="C:\Users\Ethans\eclipse-workspace\SachinLatestMavenProject"/>
    <property name="JOB_URL" value="http://localhost:8080/job/smokePack/"/>
    <property name="LOGONSERVER" value="\\DESKTOP-271FL0L"/>
    <property name="USERDOMAIN" value="DESKTOP-271FL0L"/>
    <property name="line.separator" value="
"/>
    <property name="MAVEN_HOME" value="C:\Users\Ethans\Desktop\Sachin_Selenium_Jars\apache-maven-3.6.3"/>
    <property name="java.vm.name" value="Java HotSpot(TM) 64-Bit Server VM"/>
    <property name="BUILD_NUMBER" value="3"/>
    <property name="JENKINS_URL" value="http://localhost:8080/"/>
    <property name="PROCESSOR_REVISION" value="3a09"/>
    <property name="ProgramW6432" value="C:\Program Files"/>
    <property name="windir" value="C:\Windows"/>
    <property name="file.encoding" value="Cp1252"/>
    <property name="SystemDrive" value="C:"/>
    <property name="maven3.interceptor" value="C:\Users\Ethans\Desktop\Sachin_Selenium_Jars\JenkinsRemoteDirectory\maven35-interceptor.jar"/>
    <property name="WORKSPACE" value="C:\Users\Ethans\Desktop\Sachin_Selenium_Jars\JenkinsRemoteDirectory\workspace\smokePack"/>
    <property name="maven3.interceptor.common" value="C:\Users\Ethans\Desktop\Sachin_Selenium_Jars\JenkinsRemoteDirectory\maven3-interceptor-commons.jar"/>
    <property name="java.specification.version" value="1.8"/>
    <property name="PSModulePath" value="%ProgramFiles%\WindowsPowerShell\Modules;C:\Windows\system32\WindowsPowerShell\v1.0\Modules"/>
    <property name="CHROME_RESTART" value="Google Chrome|Whoa! Google Chrome has crashed. Relaunch now?|LEFT_TO_RIGHT"/>
  </properties>
  <testcase classname="firstpackage.NewTest" name="launchBrowser" time="17.721"/>
</testsuite>