<?xml version="1.0" encoding="UTF-8"?>
<!-- Generated by org.testng.reporters.JUnitReportReporter -->
<testsuite skipped="0" hostname="DESKTOP-271FL0L" name="firstpackage.NewTest" tests="1" failures="0" timestamp="2020-01-05T13:56:07 IST" time="29.918" errors="0">
  <testcase name="launchBrowser" time="29.918" classname="firstpackage.NewTest"/>
</testsuite> <!-- firstpackage.NewTest -->
