<?xml version="1.0" encoding="UTF-8"?>
<!-- Generated by org.testng.reporters.JUnitReportReporter -->
<testsuite hostname="DESKTOP-271FL0L" name="firstpackage.NewTest" tests="1" failures="0" timestamp="12 Jan 2020 06:19:55 GMT" time="17.717" errors="0">
  <testcase name="launchBrowser" time="17.717" classname="firstpackage.NewTest"/>
</testsuite> <!-- firstpackage.NewTest -->
